{"C:\\Users\\I769049\\football-predictions\\backend\\routes\\predictions.js": {"path":"C:\\Users\\I769049\\football-predictions\\backend\\routes\\predictions.js","statementMap":{"0":{"start":{"line":1,"column":16},"end":{"line":1,"column":34}},"1":{"start":{"line":2,"column":12},"end":{"line":2,"column":26}},"2":{"start":{"line":3,"column":39},"end":{"line":3,"column":73}},"3":{"start":{"line":4,"column":73},"end":{"line":4,"column":105}},"4":{"start":{"line":6,"column":15},"end":{"line":6,"column":31}},"5":{"start":{"line":11,"column":22},"end":{"line":15,"column":2}},"6":{"start":{"line":30,"column":0},"end":{"line":140,"column":3}},"7":{"start":{"line":32,"column":27},"end":{"line":32,"column":59}},"8":{"start":{"line":33,"column":2},"end":{"line":38,"column":3}},"9":{"start":{"line":34,"column":4},"end":{"line":37,"column":7}},"10":{"start":{"line":40,"column":50},"end":{"line":40,"column":55}},"11":{"start":{"line":42,"column":2},"end":{"line":139,"column":3}},"12":{"start":{"line":44,"column":46},"end":{"line":48,"column":6}},"13":{"start":{"line":51,"column":21},"end":{"line":51,"column":95}},"14":{"start":{"line":51,"column":47},"end":{"line":51,"column":78}},"15":{"start":{"line":52,"column":21},"end":{"line":52,"column":95}},"16":{"start":{"line":52,"column":47},"end":{"line":52,"column":78}},"17":{"start":{"line":53,"column":21},"end":{"line":53,"column":40}},"18":{"start":{"line":57,"column":32},"end":{"line":57,"column":55}},"19":{"start":{"line":58,"column":32},"end":{"line":58,"column":55}},"20":{"start":{"line":59,"column":32},"end":{"line":59,"column":55}},"21":{"start":{"line":60,"column":32},"end":{"line":60,"column":55}},"22":{"start":{"line":64,"column":24},"end":{"line":64,"column":27}},"23":{"start":{"line":65,"column":24},"end":{"line":65,"column":27}},"24":{"start":{"line":68,"column":26},"end":{"line":94,"column":5}},"25":{"start":{"line":97,"column":23},"end":{"line":97,"column":51}},"26":{"start":{"line":100,"column":21},"end":{"line":125,"column":5}},"27":{"start":{"line":128,"column":4},"end":{"line":132,"column":5}},"28":{"start":{"line":129,"column":6},"end":{"line":129,"column":37}},"29":{"start":{"line":131,"column":6},"end":{"line":131,"column":74}},"30":{"start":{"line":134,"column":4},"end":{"line":134,"column":23}},"31":{"start":{"line":136,"column":4},"end":{"line":136,"column":55}},"32":{"start":{"line":137,"column":19},"end":{"line":137,"column":65}},"33":{"start":{"line":138,"column":4},"end":{"line":138,"column":52}},"34":{"start":{"line":144,"column":0},"end":{"line":151,"column":3}},"35":{"start":{"line":145,"column":2},"end":{"line":150,"column":3}},"36":{"start":{"line":146,"column":18},"end":{"line":146,"column":39}},"37":{"start":{"line":147,"column":4},"end":{"line":147,"column":20}},"38":{"start":{"line":149,"column":4},"end":{"line":149,"column":49}},"39":{"start":{"line":155,"column":0},"end":{"line":163,"column":3}},"40":{"start":{"line":156,"column":2},"end":{"line":162,"column":3}},"41":{"start":{"line":157,"column":18},"end":{"line":157,"column":49}},"42":{"start":{"line":158,"column":20},"end":{"line":158,"column":53}},"43":{"start":{"line":159,"column":4},"end":{"line":159,"column":62}},"44":{"start":{"line":161,"column":4},"end":{"line":161,"column":49}},"45":{"start":{"line":165,"column":0},"end":{"line":165,"column":24}}},"fnMap":{"0":{"name":"(anonymous_0)","decl":{"start":{"line":30,"column":24},"end":{"line":30,"column":25}},"loc":{"start":{"line":30,"column":44},"end":{"line":140,"column":1}},"line":30},"1":{"name":"(anonymous_1)","decl":{"start":{"line":51,"column":42},"end":{"line":51,"column":43}},"loc":{"start":{"line":51,"column":47},"end":{"line":51,"column":78}},"line":51},"2":{"name":"(anonymous_2)","decl":{"start":{"line":52,"column":42},"end":{"line":52,"column":43}},"loc":{"start":{"line":52,"column":47},"end":{"line":52,"column":78}},"line":52},"3":{"name":"(anonymous_3)","decl":{"start":{"line":144,"column":21},"end":{"line":144,"column":22}},"loc":{"start":{"line":144,"column":41},"end":{"line":151,"column":1}},"line":144},"4":{"name":"(anonymous_4)","decl":{"start":{"line":155,"column":23},"end":{"line":155,"column":24}},"loc":{"start":{"line":155,"column":43},"end":{"line":163,"column":1}},"line":155}},"branchMap":{"0":{"loc":{"start":{"line":33,"column":2},"end":{"line":38,"column":3}},"type":"if","locations":[{"start":{"line":33,"column":2},"end":{"line":38,"column":3}},{"start":{},"end":{}}],"line":33},"1":{"loc":{"start":{"line":51,"column":21},"end":{"line":51,"column":95}},"type":"binary-expr","locations":[{"start":{"line":51,"column":21},"end":{"line":51,"column":89}},{"start":{"line":51,"column":93},"end":{"line":51,"column":95}}],"line":51},"2":{"loc":{"start":{"line":52,"column":21},"end":{"line":52,"column":95}},"type":"binary-expr","locations":[{"start":{"line":52,"column":21},"end":{"line":52,"column":89}},{"start":{"line":52,"column":93},"end":{"line":52,"column":95}}],"line":52},"3":{"loc":{"start":{"line":137,"column":19},"end":{"line":137,"column":65}},"type":"cond-expr","locations":[{"start":{"line":137,"column":56},"end":{"line":137,"column":59}},{"start":{"line":137,"column":62},"end":{"line":137,"column":65}}],"line":137},"4":{"loc":{"start":{"line":157,"column":18},"end":{"line":157,"column":49}},"type":"binary-expr","locations":[{"start":{"line":157,"column":18},"end":{"line":157,"column":43}},{"start":{"line":157,"column":47},"end":{"line":157,"column":49}}],"line":157}},"s":{"0":1,"1":1,"2":1,"3":1,"4":1,"5":1,"6":1,"7":8,"8":8,"9":4,"10":4,"11":4,"12":4,"13":4,"14":4,"15":4,"16":8,"17":4,"18":4,"19":4,"20":4,"21":4,"22":4,"23":4,"24":4,"25":4,"26":4,"27":4,"28":4,"29":0,"30":4,"31":0,"32":0,"33":0,"34":1,"35":2,"36":2,"37":1,"38":1,"39":1,"40":3,"41":3,"42":3,"43":3,"44":0,"45":1},"f":{"0":8,"1":4,"2":8,"3":2,"4":3},"b":{"0":[4,4],"1":[4,0],"2":[4,0],"3":[0,0],"4":[3,2]},"_coverageSchema":"1a1c01bbd47fc00a2c39e90264f33305004495a9","hash":"41ece9333bd377f4bff216cc674f57cec34c696d"}
}
