TN:
SF:routes\predictions.js
FN:30,(anonymous_0)
FN:51,(anonymous_1)
FN:52,(anonymous_2)
FN:144,(anonymous_3)
FN:155,(anonymous_4)
FNF:5
FNH:5
FNDA:8,(anonymous_0)
FNDA:4,(anonymous_1)
FNDA:8,(anonymous_2)
FNDA:2,(anonymous_3)
FNDA:3,(anonymous_4)
DA:1,1
DA:2,1
DA:3,1
DA:4,1
DA:6,1
DA:11,1
DA:30,1
DA:32,8
DA:33,8
DA:34,4
DA:40,4
DA:42,4
DA:44,4
DA:51,4
DA:52,8
DA:53,4
DA:57,4
DA:58,4
DA:59,4
DA:60,4
DA:64,4
DA:65,4
DA:68,4
DA:97,4
DA:100,4
DA:128,4
DA:129,4
DA:131,0
DA:134,4
DA:136,0
DA:137,0
DA:138,0
DA:144,1
DA:145,2
DA:146,2
DA:147,1
DA:149,1
DA:155,1
DA:156,3
DA:157,3
DA:158,3
DA:159,3
DA:161,0
DA:165,1
LF:44
LH:39
BRDA:33,0,0,4
BRDA:33,0,1,4
BRDA:51,1,0,4
BRDA:51,1,1,0
BRDA:52,2,0,4
BRDA:52,2,1,0
BRDA:137,3,0,0
BRDA:137,3,1,0
BRDA:157,4,0,3
BRDA:157,4,1,2
BRF:10
BRH:6
end_of_record
